\BOOKMARK [0][-]{section*.2}{Scattering from compact objects: Regge poles \040and the Complex Angular Momentum method}{}% 2
\BOOKMARK [1][-]{section*.1}{Abstract}{section*.2}% 1
\BOOKMARK [1][-]{section*.3}{Contents}{section*.2}% 3
\BOOKMARK [1][-]{section*.4}{Introduction}{section*.2}% 4
\BOOKMARK [1][-]{section*.5}{Waves on a compact-body spacetime}{section*.2}% 5
\BOOKMARK [2][-]{section*.6}{The model}{section*.5}% 6
\BOOKMARK [2][-]{section*.7}{Effective potentials}{section*.5}% 7
\BOOKMARK [2][-]{section*.8}{Boundary conditions and scattering}{section*.5}% 8
\BOOKMARK [1][-]{section*.9}{The Regge pole spectrum}{section*.2}% 9
\BOOKMARK [2][-]{section*.10}{Regge poles and quasinormal modes}{section*.9}% 10
\BOOKMARK [2][-]{section*.11}{Numerical method}{section*.9}% 11
\BOOKMARK [2][-]{section*.12}{Results}{section*.9}% 12
\BOOKMARK [2][-]{section*.13}{Classification of quasinormal modes}{section*.9}% 13
\BOOKMARK [2][-]{section*.14}{The WKB approximation}{section*.9}% 14
\BOOKMARK [1][-]{section*.15}{Scattering and CAM theory}{section*.2}% 15
\BOOKMARK [2][-]{section*.16}{The partial wave expansion}{section*.15}% 16
\BOOKMARK [2][-]{section*.17}{CAM representation of the scattering amplitude}{section*.15}% 17
\BOOKMARK [1][-]{section*.18}{Reconstruction of differential scattering cross sections from Regge pole sums}{section*.2}% 18
\BOOKMARK [2][-]{section*.19}{Computational methods}{section*.18}% 19
\BOOKMARK [2][-]{section*.20}{Results}{section*.18}% 20
\BOOKMARK [1][-]{section*.21}{Discussion and conclusions}{section*.2}% 21
\BOOKMARK [1][-]{section*.22}{Acknowledgments}{section*.2}% 22
\BOOKMARK [1][-]{section*.23}{References}{section*.2}% 23
